Build started 2/18/2012 12:26:45 AM.
     1>Project "C:\Users\Billy\documents\visual studio 2010\Projects\14_Date\14_Date\14_Date.vcxproj" on node 2 (build target(s)).
     1>InitializeBuildStatus:
         Touching "Debug\14_Date.unsuccessfulbuild".
       ClCompile:
         c:\Program Files (x86)\Microsoft Visual Studio 10.0\VC\bin\CL.exe /c /ZI /nologo /W3 /WX- /Od /Oy- /D WIN32 /D _DEBUG /D _CONSOLE /D _UNICODE /D UNICODE /Gm /EHsc /RTC1 /MDd /GS /fp:precise /Zc:wchar_t /Zc:forScope /Fo"Debug\\" /Fd"Debug\vc100.pdb" /Gd /TP /analyze- /errorReport:prompt 14_Date.cpp
         14_Date.cpp
       ManifestResourceCompile:
         All outputs are up-to-date.
       Link:
         c:\Program Files (x86)\Microsoft Visual Studio 10.0\VC\bin\link.exe /ERRORREPORT:PROMPT /OUT:"C:\Users\Billy\documents\visual studio 2010\Projects\14_Date\Debug\14_Date.exe" /INCREMENTAL /NOLOGO kernel32.lib user32.lib gdi32.lib winspool.lib comdlg32.lib advapi32.lib shell32.lib ole32.lib oleaut32.lib uuid.lib odbc32.lib odbccp32.lib /MANIFEST /ManifestFile:"Debug\14_Date.exe.intermediate.manifest" /MANIFESTUAC:"level='asInvoker' uiAccess='false'" /DEBUG /PDB:"C:\Users\Billy\documents\visual studio 2010\Projects\14_Date\Debug\14_Date.pdb" /SUBSYSTEM:CONSOLE /TLBID:1 /DYNAMICBASE /NXCOMPAT /IMPLIB:"C:\Users\Billy\documents\visual studio 2010\Projects\14_Date\Debug\14_Date.lib" /MACHINE:X86 Debug\14_Date.exe.embed.manifest.res
         Debug\14_Date.obj
         Debug\14_DateMain.obj
       Manifest:
         C:\Program Files (x86)\Microsoft SDKs\Windows\v7.0A\bin\mt.exe /nologo /verbose /out:"Debug\14_Date.exe.embed.manifest" /manifest Debug\14_Date.exe.intermediate.manifest
         All outputs are up-to-date.
       LinkEmbedManifest:
         All outputs are up-to-date.
         14_Date.vcxproj -> C:\Users\Billy\documents\visual studio 2010\Projects\14_Date\Debug\14_Date.exe
       FinalizeBuildStatus:
         Deleting file "Debug\14_Date.unsuccessfulbuild".
         Touching "Debug\14_Date.lastbuildstate".
     1>Done Building Project "C:\Users\Billy\documents\visual studio 2010\Projects\14_Date\14_Date\14_Date.vcxproj" (build target(s)).

Build succeeded.

Time Elapsed 00:00:02.30
